# iteration parameters:
# error function: 0 (two norm relativ error)
# error_delta = 0.001
# residuum function: 0 (two norm relativ error)
# residuum_delta = 1e-10
# min_improve = 0.001
# iterations_without_check = 10
# solver parameters:
# grid_id: 1 (file)
# grid_file_h: dubna1_h
# grid_file_r: dubna1_r
# starting_point_policy: 0 (zero)
# solver_algorithm_id: 0 (CGNR)
# weight_policy: 0 (one)
# omega_ref_policy: 0 (rectangle)
# method: 0 (N1, N2 independent)
# output_policy: 1 (human readable)
# N1 = 36:1:36
# N2 = 2522:1:2522
# N_min_improve = 0
# max_iter_without_improve = 1
# N1 = 36
regular: 1
regular: 2
residuum: 0.0176706
residuum: 0.000239521
residuum: 1.89592e-06
residuum: 2.23013e-08
residuum: 2.99528e-11
regular: 4
residuum: 0.107541
residuum: 0.0330371
residuum: 0.00820615
residuum: 0.00307305
residuum: 0.000855234
residuum: 0.000224413
residuum: 5.80831e-05
residuum: 1.56493e-05
residuum: 6.38106e-06
residuum: 4.02874e-06
residuum: 3.77204e-06
residuum: 3.75374e-06
residuum: 3.75165e-06
Warning: No convergence, residuum was 3.75165e-06!
not regular: 8
residuum: 0.0584001
residuum: 0.00662907
residuum: 0.000515177
residuum: 7.00224e-05
residuum: 6.16973e-06
residuum: 2.43592e-06
residuum: 2.40595e-06
residuum: 2.40583e-06
Warning: No convergence, residuum was 2.40583e-06!
not regular: 6
residuum: 0.0359073
residuum: 0.00176237
residuum: 3.79407e-05
residuum: 2.20422e-06
residuum: 3.24893e-08
residuum: 5.13498e-10
residuum: 4.4663e-12
regular: 5
2522 5
