3
1
0
1
1000.000000
0
1
1
0.800000
64
4
8
12
16
20
24
28
32
36
40
44
48
52
56
60
64
68
72
76
80
84
88
92
96
100
104
108
112
116
120
124
128
132
136
140
144
148
152
156
160
164
168
172
176
180
184
188
192
196
200
204
208
212
216
220
224
228
232
236
240
244
248
252
256
1
1000
1000
1
0
1
1.946635e-01
-1.000000e+00
-1.000000e+00
2.047332e-03
-1.000000e+00
1.576067e-02

1.946635e-01
-1.000000e+00
-1.000000e+00
5.450238e-02
-1.000000e+00
7.145489e-03

1.946635e-01
-1.000000e+00
-1.000000e+00
1.053569e-01
-1.000000e+00
5.295336e-03

1.946635e-01
-1.000000e+00
-1.000000e+00
1.765255e-01
-1.000000e+00
2.590083e-03

1.946635e-01
-1.000000e+00
-1.000000e+00
2.840986e-01
-1.000000e+00
1.171801e-03

1.946635e-01
-1.000000e+00
-1.000000e+00
3.880245e-01
-1.000000e+00
4.232169e-04

1.946635e-01
-1.000000e+00
-1.000000e+00
5.134875e-01
-1.000000e+00
2.067225e-04

1.946635e-01
-1.000000e+00
-1.000000e+00
6.593283e-01
-1.000000e+00
8.173716e-05

1.946635e-01
-1.000000e+00
-1.000000e+00
8.628760e-01
-1.000000e+00
3.865388e-05

1.946635e-01
-1.000000e+00
-1.000000e+00
1.073047e+00
-1.000000e+00
1.853350e-05

1.946635e-01
-1.000000e+00
-1.000000e+00
1.285226e+00
-1.000000e+00
5.975031e-06

1.946635e-01
-1.000000e+00
-1.000000e+00
1.514456e+00
-1.000000e+00
3.461024e-06

1.946635e-01
-1.000000e+00
-1.000000e+00
1.714600e+00
-1.000000e+00
1.451071e-06

1.946635e-01
-1.000000e+00
-1.000000e+00
2.044110e+00
-1.000000e+00
5.647944e-07

1.946635e-01
-1.000000e+00
-1.000000e+00
2.320307e+00
-1.000000e+00
2.420518e-07

1.946635e-01
-1.000000e+00
-1.000000e+00
2.570554e+00
-1.000000e+00
1.113257e-07

1.946635e-01
-1.000000e+00
-1.000000e+00
3.194016e+00
-1.000000e+00
4.139858e-08

1.946635e-01
-1.000000e+00
-1.000000e+00
3.211849e+00
-1.000000e+00
1.791441e-08

1.946635e-01
-1.000000e+00
-1.000000e+00
3.545357e+00
-1.000000e+00
7.180275e-09

1.946635e-01
-1.000000e+00
-1.000000e+00
3.927218e+00
-1.000000e+00
3.205551e-09

1.946635e-01
-1.000000e+00
-1.000000e+00
4.417985e+00
-1.000000e+00
1.607196e-09

1.946635e-01
-1.000000e+00
-1.000000e+00
4.780440e+00
-1.000000e+00
6.027812e-10

1.946635e-01
-1.000000e+00
-1.000000e+00
5.210072e+00
-1.000000e+00
2.730937e-10

1.946635e-01
-1.000000e+00
-1.000000e+00
5.687245e+00
-1.000000e+00
9.956485e-11

1.946635e-01
-1.000000e+00
-1.000000e+00
6.234587e+00
-1.000000e+00
3.650232e-11

1.946635e-01
-1.000000e+00
-1.000000e+00
6.775789e+00
-1.000000e+00
1.735506e-11

1.946635e-01
-1.000000e+00
-1.000000e+00
7.207870e+00
-1.000000e+00
7.175873e-12

1.946635e-01
-1.000000e+00
-1.000000e+00
7.745034e+00
-1.000000e+00
2.552043e-12

1.946635e-01
-1.000000e+00
-1.000000e+00
8.369756e+00
-1.000000e+00
1.223144e-12

1.946635e-01
-1.000000e+00
-1.000000e+00
8.847885e+00
-1.000000e+00
4.934419e-13

1.946635e-01
-1.000000e+00
-1.000000e+00
9.429349e+00
-1.000000e+00
1.941885e-13

1.946635e-01
-1.000000e+00
-1.000000e+00
1.004512e+01
-1.000000e+00
9.104275e-14

1.946635e-01
-1.000000e+00
-1.000000e+00
1.065165e+01
-1.000000e+00
3.849784e-14

1.946635e-01
-1.000000e+00
-1.000000e+00
1.127894e+01
-1.000000e+00
1.654996e-14

1.946635e-01
-1.000000e+00
-1.000000e+00
1.203556e+01
-1.000000e+00
6.889145e-15

1.946635e-01
-1.000000e+00
-1.000000e+00
1.269827e+01
-1.000000e+00
2.463302e-15

1.946635e-01
-1.000000e+00
-1.000000e+00
1.344654e+01
-1.000000e+00
1.075163e-15

1.946635e-01
-1.000000e+00
-1.000000e+00
1.413678e+01
-1.000000e+00
6.001767e-16

1.946635e-01
-1.000000e+00
-1.000000e+00
1.497025e+01
-1.000000e+00
6.664539e-16

1.946635e-01
-1.000000e+00
-1.000000e+00
1.574484e+01
-1.000000e+00
5.081251e-16

1.946635e-01
-1.000000e+00
-1.000000e+00
1.651622e+01
-1.000000e+00
5.596748e-16

1.946635e-01
-1.000000e+00
-1.000000e+00
1.725102e+01
-1.000000e+00
5.154897e-16

1.946635e-01
-1.000000e+00
-1.000000e+00
1.819202e+01
-1.000000e+00
5.191758e-16

1.946635e-01
-1.000000e+00
-1.000000e+00
1.895847e+01
-1.000000e+00
5.449481e-16

1.946635e-01
-1.000000e+00
-1.000000e+00
1.985140e+01
-1.000000e+00
5.412642e-16

1.946635e-01
-1.000000e+00
-1.000000e+00
2.084157e+01
-1.000000e+00
5.228557e-16

1.946635e-01
-1.000000e+00
-1.000000e+00
2.194042e+01
-1.000000e+00
5.412647e-16

1.946635e-01
-1.000000e+00
-1.000000e+00
2.303024e+01
-1.000000e+00
5.412638e-16

1.946635e-01
-1.000000e+00
-1.000000e+00
2.368777e+01
-1.000000e+00
5.449467e-16

1.946635e-01
-1.000000e+00
-1.000000e+00
2.463637e+01
-1.000000e+00
5.596745e-16

1.946635e-01
-1.000000e+00
-1.000000e+00
2.523590e+01
-1.000000e+00
5.596740e-16

1.946635e-01
-1.000000e+00
-1.000000e+00
2.634064e+01
-1.000000e+00
5.596744e-16

1.946635e-01
-1.000000e+00
-1.000000e+00
2.724900e+01
-1.000000e+00
5.523099e-16

1.946635e-01
-1.000000e+00
-1.000000e+00
2.838764e+01
-1.000000e+00
5.523099e-16

1.946635e-01
-1.000000e+00
-1.000000e+00
2.941623e+01
-1.000000e+00
5.523099e-16

1.946635e-01
-1.000000e+00
-1.000000e+00
3.046437e+01
-1.000000e+00
5.523099e-16

1.946635e-01
-1.000000e+00
-1.000000e+00
3.217433e+01
-1.000000e+00
5.523099e-16

1.946635e-01
-1.000000e+00
-1.000000e+00
3.287034e+01
-1.000000e+00
5.523099e-16

1.946635e-01
-1.000000e+00
-1.000000e+00
3.385329e+01
-1.000000e+00
5.523099e-16

1.946635e-01
-1.000000e+00
-1.000000e+00
3.507951e+01
-1.000000e+00
5.523099e-16

1.946635e-01
-1.000000e+00
-1.000000e+00
3.613248e+01
-1.000000e+00
5.523099e-16

1.946635e-01
-1.000000e+00
-1.000000e+00
3.724638e+01
-1.000000e+00
5.523099e-16

1.946635e-01
-1.000000e+00
-1.000000e+00
4.029788e+01
-1.000000e+00
5.523099e-16

1.946635e-01
-1.000000e+00
-1.000000e+00
4.159665e+01
-1.000000e+00
5.523099e-16

1
1
3
1
1000.000000
0
1
1
0.800000
64
4
8
12
16
20
24
28
32
36
40
44
48
52
56
60
64
68
72
76
80
84
88
92
96
100
104
108
112
116
120
124
128
132
136
140
144
148
152
156
160
164
168
172
176
180
184
188
192
196
200
204
208
212
216
220
224
228
232
236
240
244
248
252
256
1
1000
1000
1
0
1
1.995145e-01
-1.000000e+00
-1.000000e+00
2.058164e-03
-1.000000e+00
2.206196e-02

1.995145e-01
-1.000000e+00
-1.000000e+00
4.916940e-04
-1.000000e+00
9.230374e-03

1.995145e-01
-1.000000e+00
-1.000000e+00
6.749389e-04
-1.000000e+00
4.864291e-03

1.995145e-01
-1.000000e+00
-1.000000e+00
8.122652e-04
-1.000000e+00
2.274209e-03

1.995145e-01
-1.000000e+00
-1.000000e+00
1.344094e-03
-1.000000e+00
1.062196e-03

1.995145e-01
-1.000000e+00
-1.000000e+00
1.875128e-03
-1.000000e+00
5.580252e-04

1.995145e-01
-1.000000e+00
-1.000000e+00
2.285584e-03
-1.000000e+00
2.077600e-04

1.995145e-01
-1.000000e+00
-1.000000e+00
2.904276e-03
-1.000000e+00
8.803162e-05

1.995145e-01
-1.000000e+00
-1.000000e+00
5.139147e-03
-1.000000e+00
3.748478e-05

1.995145e-01
-1.000000e+00
-1.000000e+00
5.730155e-03
-1.000000e+00
1.851213e-05

1.995145e-01
-1.000000e+00
-1.000000e+00
6.591798e-03
-1.000000e+00
6.665944e-06

1.995145e-01
-1.000000e+00
-1.000000e+00
7.545517e-03
-1.000000e+00
2.975418e-06

1.995145e-01
-1.000000e+00
-1.000000e+00
8.549193e-03
-1.000000e+00
1.440584e-06

1.995145e-01
-1.000000e+00
-1.000000e+00
9.308123e-03
-1.000000e+00
5.872307e-07

1.995145e-01
-1.000000e+00
-1.000000e+00
1.009069e-02
-1.000000e+00
2.603293e-07

1.995145e-01
-1.000000e+00
-1.000000e+00
1.134565e-02
-1.000000e+00
1.228668e-07

1.995145e-01
-1.000000e+00
-1.000000e+00
2.156919e-02
-1.000000e+00
9.576442e-08

1.995145e-01
-1.000000e+00
-1.000000e+00
2.221613e-02
-1.000000e+00
7.410972e-08

1.995145e-01
-1.000000e+00
-1.000000e+00
2.560731e-02
-1.000000e+00
6.331626e-08

1.995145e-01
-1.000000e+00
-1.000000e+00
2.638115e-02
-1.000000e+00
6.034587e-08

1.995145e-01
-1.000000e+00
-1.000000e+00
2.947786e-02
-1.000000e+00
8.006522e-08

1.995145e-01
-1.000000e+00
-1.000000e+00
3.124964e-02
-1.000000e+00
5.849066e-08

1.995145e-01
-1.000000e+00
-1.000000e+00
3.579587e-02
-1.000000e+00
6.006391e-08

1.995145e-01
-1.000000e+00
-1.000000e+00
4.662405e-02
-1.000000e+00
6.394056e-08

1.995145e-01
-1.000000e+00
-1.000000e+00
4.080721e-02
-1.000000e+00
6.404895e-08

1.995145e-01
-1.000000e+00
-1.000000e+00
4.293288e-02
-1.000000e+00
8.404899e-08

1.995145e-01
-1.000000e+00
-1.000000e+00
4.483403e-02
-1.000000e+00
7.138842e-08

1.995145e-01
-1.000000e+00
-1.000000e+00
4.858419e-02
-1.000000e+00
6.475614e-08

1.995145e-01
-1.000000e+00
-1.000000e+00
5.733759e-02
-1.000000e+00
5.546687e-08

1.995145e-01
-1.000000e+00
-1.000000e+00
5.257779e-02
-1.000000e+00
8.905276e-08

1.995145e-01
-1.000000e+00
-1.000000e+00
6.502895e-02
-1.000000e+00
6.703670e-08

1.995145e-01
-1.000000e+00
-1.000000e+00
6.476594e-02
-1.000000e+00
7.281137e-08

1.995145e-01
-1.000000e+00
-1.000000e+00
1.012439e-01
-1.000000e+00
8.602497e-08

1.995145e-01
-1.000000e+00
-1.000000e+00
1.087701e-01
-1.000000e+00
5.322486e-08

1.995145e-01
-1.000000e+00
-1.000000e+00
1.072860e-01
-1.000000e+00
7.190318e-08

1.995145e-01
-1.000000e+00
-1.000000e+00
1.130813e-01
-1.000000e+00
6.175638e-08

1.995145e-01
-1.000000e+00
-1.000000e+00
1.816289e-01
-1.000000e+00
5.544125e-08

1.995145e-01
-1.000000e+00
-1.000000e+00
1.350188e-01
-1.000000e+00
6.333313e-08

1.995145e-01
-1.000000e+00
-1.000000e+00
1.300539e-01
-1.000000e+00
5.665348e-08

1.995145e-01
-1.000000e+00
-1.000000e+00
1.456071e-01
-1.000000e+00
6.575343e-08

1.995145e-01
-1.000000e+00
-1.000000e+00
2.438004e-01
-1.000000e+00
6.158477e-08

1.995145e-01
-1.000000e+00
-1.000000e+00
1.599971e-01
-1.000000e+00
7.265016e-08

1.995145e-01
-1.000000e+00
-1.000000e+00
1.924899e-01
-1.000000e+00
5.685559e-08

1.995145e-01
-1.000000e+00
-1.000000e+00
1.756611e-01
-1.000000e+00
7.989629e-08

1.995145e-01
-1.000000e+00
-1.000000e+00
1.831965e-01
-1.000000e+00
7.176792e-08

1.995145e-01
-1.000000e+00
-1.000000e+00
1.987849e-01
-1.000000e+00
7.284645e-08

1.995145e-01
-1.000000e+00
-1.000000e+00
2.130107e-01
-1.000000e+00
6.510812e-08

1.995145e-01
-1.000000e+00
-1.000000e+00
2.211764e-01
-1.000000e+00
8.360268e-08

1.995145e-01
-1.000000e+00
-1.000000e+00
2.186293e-01
-1.000000e+00
5.326091e-08

1.995145e-01
-1.000000e+00
-1.000000e+00
2.508298e-01
-1.000000e+00
7.017699e-08

1.995145e-01
-1.000000e+00
-1.000000e+00
2.675460e-01
-1.000000e+00
6.326950e-08

1.995145e-01
-1.000000e+00
-1.000000e+00
2.450898e-01
-1.000000e+00
6.094832e-08

1.995145e-01
-1.000000e+00
-1.000000e+00
2.961816e-01
-1.000000e+00
5.504172e-08

1.995145e-01
-1.000000e+00
-1.000000e+00
2.485896e-01
-1.000000e+00
7.642313e-08

1.995145e-01
-1.000000e+00
-1.000000e+00
2.592066e-01
-1.000000e+00
5.956123e-08

1.995145e-01
-1.000000e+00
-1.000000e+00
2.689671e-01
-1.000000e+00
6.318204e-08

1.995145e-01
-1.000000e+00
-1.000000e+00
3.005800e-01
-1.000000e+00
5.306546e-08

1.995145e-01
-1.000000e+00
-1.000000e+00
3.204003e-01
-1.000000e+00
7.470833e-08

1.995145e-01
-1.000000e+00
-1.000000e+00
4.306144e-01
-1.000000e+00
5.091598e-08

1.995145e-01
-1.000000e+00
-1.000000e+00
3.088647e-01
-1.000000e+00
6.035399e-08

1.995145e-01
-1.000000e+00
-1.000000e+00
5.040653e-01
-1.000000e+00
6.030642e-08

1.995145e-01
-1.000000e+00
-1.000000e+00
3.757050e-01
-1.000000e+00
6.749314e-08

1.995145e-01
-1.000000e+00
-1.000000e+00
3.436299e-01
-1.000000e+00
5.168785e-08

1.995145e-01
-1.000000e+00
-1.000000e+00
3.934722e-01
-1.000000e+00
4.541723e-08

1
1
6
1
1000.000000
0
1
1
0.800000
64
4
8
12
16
20
24
28
32
36
40
44
48
52
56
60
64
68
72
76
80
84
88
92
96
100
104
108
112
116
120
124
128
132
136
140
144
148
152
156
160
164
168
172
176
180
184
188
192
196
200
204
208
212
216
220
224
228
232
236
240
244
248
252
256
1
1000
1000
1
0
1
1.911687e-01
-1.000000e+00
-1.000000e+00
2.039949e-03
-1.000000e+00
2.014872e-02

1.911687e-01
-1.000000e+00
-1.000000e+00
9.502748e-04
-1.000000e+00
8.659336e-03

1.911687e-01
-1.000000e+00
-1.000000e+00
1.132988e-03
-1.000000e+00
5.506680e-03

1.911687e-01
-1.000000e+00
-1.000000e+00
1.253998e-03
-1.000000e+00
2.229810e-03

1.911687e-01
-1.000000e+00
-1.000000e+00
1.803338e-03
-1.000000e+00
1.095621e-03

1.911687e-01
-1.000000e+00
-1.000000e+00
2.449043e-03
-1.000000e+00
4.469697e-04

1.911687e-01
-1.000000e+00
-1.000000e+00
2.783493e-03
-1.000000e+00
2.390019e-04

1.911687e-01
-1.000000e+00
-1.000000e+00
3.634455e-03
-1.000000e+00
7.240590e-05

1.911687e-01
-1.000000e+00
-1.000000e+00
5.709544e-03
-1.000000e+00
4.524542e-05

1.911687e-01
-1.000000e+00
-1.000000e+00
6.624406e-03
-1.000000e+00
1.984394e-05

1.911687e-01
-1.000000e+00
-1.000000e+00
7.271370e-03
-1.000000e+00
7.150170e-06

1.911687e-01
-1.000000e+00
-1.000000e+00
8.539940e-03
-1.000000e+00
3.311000e-06

1.911687e-01
-1.000000e+00
-1.000000e+00
8.987270e-03
-1.000000e+00
1.317728e-06

1.911687e-01
-1.000000e+00
-1.000000e+00
1.014274e-02
-1.000000e+00
5.724193e-07

1.911687e-01
-1.000000e+00
-1.000000e+00
1.100352e-02
-1.000000e+00
2.082067e-07

1.911687e-01
-1.000000e+00
-1.000000e+00
1.253078e-02
-1.000000e+00
8.020459e-08

1.911687e-01
-1.000000e+00
-1.000000e+00
2.277670e-02
-1.000000e+00
4.033054e-08

1.911687e-01
-1.000000e+00
-1.000000e+00
2.353545e-02
-1.000000e+00
1.910061e-08

1.911687e-01
-1.000000e+00
-1.000000e+00
2.701967e-02
-1.000000e+00
8.209719e-09

1.911687e-01
-1.000000e+00
-1.000000e+00
2.731132e-02
-1.000000e+00
3.415467e-09

1.911687e-01
-1.000000e+00
-1.000000e+00
2.969884e-02
-1.000000e+00
1.611355e-09

1.911687e-01
-1.000000e+00
-1.000000e+00
3.248629e-02
-1.000000e+00
5.897510e-10

1.911687e-01
-1.000000e+00
-1.000000e+00
3.718490e-02
-1.000000e+00
2.275297e-10

1.911687e-01
-1.000000e+00
-1.000000e+00
4.144712e-02
-1.000000e+00
1.005764e-10

1.911687e-01
-1.000000e+00
-1.000000e+00
4.078063e-02
-1.000000e+00
3.669910e-11

1.911687e-01
-1.000000e+00
-1.000000e+00
4.461497e-02
-1.000000e+00
1.799338e-11

1.911687e-01
-1.000000e+00
-1.000000e+00
4.949561e-02
-1.000000e+00
7.267821e-12

1.911687e-01
-1.000000e+00
-1.000000e+00
6.140988e-02
-1.000000e+00
2.961840e-12

1.911687e-01
-1.000000e+00
-1.000000e+00
6.233617e-02
-1.000000e+00
1.899627e-12

1.911687e-01
-1.000000e+00
-1.000000e+00
6.199885e-02
-1.000000e+00
4.898336e-13

1.911687e-01
-1.000000e+00
-1.000000e+00
7.246404e-02
-1.000000e+00
2.540395e-13

1.911687e-01
-1.000000e+00
-1.000000e+00
8.287569e-02
-1.000000e+00
1.419295e-13

1.911687e-01
-1.000000e+00
-1.000000e+00
1.356708e-01
-1.000000e+00
1.077694e-13

1.911687e-01
-1.000000e+00
-1.000000e+00
1.666573e-01
-1.000000e+00
1.166215e-13

1.911687e-01
-1.000000e+00
-1.000000e+00
1.449886e-01
-1.000000e+00
1.040598e-13

1.911687e-01
-1.000000e+00
-1.000000e+00
1.602449e-01
-1.000000e+00
1.045409e-13

1.911687e-01
-1.000000e+00
-1.000000e+00
2.615239e-01
-1.000000e+00
9.447209e-14

1.911687e-01
-1.000000e+00
-1.000000e+00
1.784918e-01
-1.000000e+00
1.110954e-13

1.911687e-01
-1.000000e+00
-1.000000e+00
1.523209e-01
-1.000000e+00
8.527835e-14

1.911687e-01
-1.000000e+00
-1.000000e+00
1.713088e-01
-1.000000e+00
9.703811e-14

1.911687e-01
-1.000000e+00
-1.000000e+00
2.399460e-01
-1.000000e+00
1.111198e-13

1.911687e-01
-1.000000e+00
-1.000000e+00
1.662828e-01
-1.000000e+00
7.758726e-14

1.911687e-01
-1.000000e+00
-1.000000e+00
2.028379e-01
-1.000000e+00
9.356213e-14

1.911687e-01
-1.000000e+00
-1.000000e+00
1.902028e-01
-1.000000e+00
9.564702e-14

1.911687e-01
-1.000000e+00
-1.000000e+00
1.946892e-01
-1.000000e+00
1.116358e-13

1.911687e-01
-1.000000e+00
-1.000000e+00
2.118433e-01
-1.000000e+00
1.074939e-13

1.911687e-01
-1.000000e+00
-1.000000e+00
2.307004e-01
-1.000000e+00
8.718194e-14

1.911687e-01
-1.000000e+00
-1.000000e+00
2.337525e-01
-1.000000e+00
9.001991e-14

1.911687e-01
-1.000000e+00
-1.000000e+00
2.218771e-01
-1.000000e+00
7.784874e-14

1.911687e-01
-1.000000e+00
-1.000000e+00
2.530055e-01
-1.000000e+00
1.154430e-13

1.911687e-01
-1.000000e+00
-1.000000e+00
2.583145e-01
-1.000000e+00
8.167511e-14

1.911687e-01
-1.000000e+00
-1.000000e+00
2.524221e-01
-1.000000e+00
9.630596e-14

1.911687e-01
-1.000000e+00
-1.000000e+00
3.072517e-01
-1.000000e+00
9.168991e-14

1.911687e-01
-1.000000e+00
-1.000000e+00
2.624353e-01
-1.000000e+00
9.037553e-14

1.911687e-01
-1.000000e+00
-1.000000e+00
2.775889e-01
-1.000000e+00
9.259290e-14

1.911687e-01
-1.000000e+00
-1.000000e+00
2.816421e-01
-1.000000e+00
9.142843e-14

1.911687e-01
-1.000000e+00
-1.000000e+00
3.490324e-01
-1.000000e+00
7.655178e-14

1.911687e-01
-1.000000e+00
-1.000000e+00
3.635086e-01
-1.000000e+00
1.163181e-13

1.911687e-01
-1.000000e+00
-1.000000e+00
4.702578e-01
-1.000000e+00
8.073900e-14

1.911687e-01
-1.000000e+00
-1.000000e+00
3.472053e-01
-1.000000e+00
8.085754e-14

1.911687e-01
-1.000000e+00
-1.000000e+00
5.798098e-01
-1.000000e+00
8.861487e-14

1.911687e-01
-1.000000e+00
-1.000000e+00
7.018026e-01
-1.000000e+00
8.376872e-14

1.911687e-01
-1.000000e+00
-1.000000e+00
4.815139e-01
-1.000000e+00
1.069780e-13

1.911687e-01
-1.000000e+00
-1.000000e+00
4.015164e-01
-1.000000e+00
9.420015e-14

